0 verbose cli /usr/local/bin/node /usr/local/lib/node_modules/npm/bin/npm-cli.js
1 info using npm@10.5.0
2 info using node@v20.12.2
3 timing npm:load:whichnode Completed in 1ms
4 timing config:load:defaults Completed in 1ms
5 timing config:load:file:/usr/local/lib/node_modules/npm/npmrc Completed in 2ms
6 timing config:load:builtin Completed in 2ms
7 timing config:load:cli Completed in 2ms
8 timing config:load:env Completed in 0ms
9 timing config:load:project Completed in 1ms
10 timing config:load:file:/root/.npmrc Completed in 3ms
11 timing config:load:user Completed in 3ms
12 timing config:load:file:/usr/local/etc/npmrc Completed in 3ms
13 timing config:load:global Completed in 3ms
14 timing config:load:setEnvs Completed in 1ms
15 timing config:load Completed in 14ms
16 timing npm:load:configload Completed in 14ms
17 timing config:load:flatten Completed in 1ms
18 timing npm:load:mkdirpcache Completed in 1ms
19 timing npm:load:mkdirplogs Completed in 0ms
20 verbose title npm exec concurrently make start-frontend make start-backend
21 verbose argv "exec" "--" "concurrently" "make start-frontend" "make start-backend"
22 timing npm:load:setTitle Completed in 1ms
23 timing npm:load:display Completed in 0ms
24 verbose logfile logs-max:10 dir:/root/.npm/_logs/2024-06-12T23_41_23_504Z-
25 verbose logfile /root/.npm/_logs/2024-06-12T23_41_23_504Z-debug-0.log
26 timing npm:load:logFile Completed in 7ms
27 timing npm:load:timers Completed in 0ms
28 timing npm:load:configScope Completed in 0ms
29 timing npm:load Completed in 39ms
30 silly logfile done cleaning log files
31 timing arborist:ctor Completed in 1ms
32 http fetch GET 200 https://registry.npmjs.org/concurrently 1103ms (cache miss)
33 timing arborist:ctor Completed in 0ms
34 http fetch GET 200 https://registry.npmjs.org/npm 1368ms
35 timing arborist:ctor Completed in 1ms
36 timing arborist:ctor Completed in 0ms
37 timing idealTree:init Completed in 4ms
38 timing idealTree:userRequests Completed in 1ms
39 silly idealTree buildDeps
40 silly fetch manifest concurrently@8.2.2
41 http fetch GET 200 https://registry.npmjs.org/concurrently 882ms (cache miss)
42 silly placeDep ROOT concurrently@8.2.2 OK for:  want: 8.2.2
43 silly fetch manifest chalk@^4.1.2
44 silly fetch manifest date-fns@^2.30.0
45 silly fetch manifest lodash@^4.17.21
46 silly fetch manifest rxjs@^7.8.1
47 silly fetch manifest shell-quote@^1.8.1
48 silly fetch manifest spawn-command@0.0.2
49 silly fetch manifest supports-color@^8.1.1
50 silly fetch manifest tree-kill@^1.2.2
51 silly fetch manifest yargs@^17.7.2
52 http fetch GET 200 https://registry.npmjs.org/chalk 228ms (cache miss)
53 http fetch GET 200 https://registry.npmjs.org/date-fns 466ms (cache miss)
54 http fetch GET 200 https://registry.npmjs.org/spawn-command 807ms (cache miss)
55 http fetch GET 200 https://registry.npmjs.org/shell-quote 837ms (cache miss)
56 http fetch GET 200 https://registry.npmjs.org/supports-color 840ms (cache miss)
57 http fetch GET 200 https://registry.npmjs.org/lodash 845ms (cache miss)
58 http fetch GET 200 https://registry.npmjs.org/yargs 1340ms (cache miss)
59 http fetch GET 200 https://registry.npmjs.org/tree-kill 1405ms (cache miss)
60 http fetch GET 200 https://registry.npmjs.org/rxjs 1434ms (cache miss)
61 timing idealTree:#root Completed in 2334ms
62 silly placeDep ROOT chalk@4.1.2 OK for: concurrently@8.2.2 want: ^4.1.2
63 silly placeDep ROOT date-fns@2.30.0 OK for: concurrently@8.2.2 want: ^2.30.0
64 silly placeDep ROOT lodash@4.17.21 OK for: concurrently@8.2.2 want: ^4.17.21
65 silly placeDep ROOT rxjs@7.8.1 OK for: concurrently@8.2.2 want: ^7.8.1
66 silly placeDep ROOT shell-quote@1.8.1 OK for: concurrently@8.2.2 want: ^1.8.1
67 silly placeDep ROOT spawn-command@0.0.2 OK for: concurrently@8.2.2 want: 0.0.2
68 silly placeDep ROOT supports-color@8.1.1 OK for: concurrently@8.2.2 want: ^8.1.1
69 silly placeDep ROOT tree-kill@1.2.2 OK for: concurrently@8.2.2 want: ^1.2.2
70 silly placeDep ROOT yargs@17.7.2 OK for: concurrently@8.2.2 want: ^17.7.2
71 silly fetch manifest ansi-styles@^4.1.0
72 silly fetch manifest supports-color@^7.1.0
73 silly fetch manifest @babel/runtime@^7.21.0
74 silly fetch manifest tslib@^2.1.0
75 silly fetch manifest has-flag@^4.0.0
76 silly fetch manifest cliui@^8.0.1
77 silly fetch manifest escalade@^3.1.1
78 silly fetch manifest get-caller-file@^2.0.5
79 silly fetch manifest require-directory@^2.1.1
80 silly fetch manifest string-width@^4.2.3
81 silly fetch manifest y18n@^5.0.5
82 silly fetch manifest yargs-parser@^21.1.1
83 http fetch GET 200 https://registry.npmjs.org/require-directory 228ms (cache miss)
84 http fetch GET 200 https://registry.npmjs.org/tslib 266ms (cache miss)
85 http fetch GET 200 https://registry.npmjs.org/get-caller-file 264ms (cache miss)
86 http fetch GET 200 https://registry.npmjs.org/has-flag 268ms (cache miss)
87 http fetch GET 200 https://registry.npmjs.org/string-width 266ms (cache miss)
88 http fetch GET 200 https://registry.npmjs.org/escalade 271ms (cache miss)
89 http fetch GET 200 https://registry.npmjs.org/ansi-styles 274ms (cache miss)
90 http fetch GET 200 https://registry.npmjs.org/@babel%2fruntime 300ms (cache miss)
91 http fetch GET 200 https://registry.npmjs.org/cliui 863ms (cache miss)
92 http fetch GET 200 https://registry.npmjs.org/y18n 862ms (cache miss)
93 http fetch GET 200 https://registry.npmjs.org/yargs-parser 868ms (cache miss)
94 timing idealTree:node_modules/concurrently Completed in 889ms
95 silly placeDep ROOT ansi-styles@4.3.0 OK for: chalk@4.1.2 want: ^4.1.0
96 silly placeDep node_modules/chalk supports-color@7.2.0 OK for: chalk@4.1.2 want: ^7.1.0
97 silly fetch manifest color-convert@^2.0.1
98 http fetch GET 200 https://registry.npmjs.org/color-convert 223ms (cache miss)
99 timing idealTree:node_modules/chalk Completed in 229ms
100 silly placeDep ROOT color-convert@2.0.1 OK for: ansi-styles@4.3.0 want: ^2.0.1
101 silly fetch manifest color-name@~1.1.4
102 http fetch GET 200 https://registry.npmjs.org/color-name 233ms (cache miss)
103 timing idealTree:node_modules/ansi-styles Completed in 237ms
104 silly placeDep ROOT color-name@1.1.4 OK for: color-convert@2.0.1 want: ~1.1.4
105 timing idealTree:node_modules/color-convert Completed in 1ms
106 timing idealTree:node_modules/color-name Completed in 0ms
107 silly placeDep ROOT @babel/runtime@7.24.7 OK for: date-fns@2.30.0 want: ^7.21.0
108 silly fetch manifest regenerator-runtime@^0.14.0
109 http fetch GET 200 https://registry.npmjs.org/regenerator-runtime 224ms (cache miss)
110 timing idealTree:node_modules/date-fns Completed in 227ms
111 silly placeDep ROOT regenerator-runtime@0.14.1 OK for: @babel/runtime@7.24.7 want: ^0.14.0
112 timing idealTree:node_modules/@babel/runtime Completed in 2ms
113 timing idealTree:node_modules/lodash Completed in 0ms
114 timing idealTree:node_modules/regenerator-runtime Completed in 0ms
115 silly placeDep ROOT tslib@2.6.3 OK for: rxjs@7.8.1 want: ^2.1.0
116 timing idealTree:node_modules/rxjs Completed in 1ms
117 timing idealTree:node_modules/shell-quote Completed in 0ms
118 timing idealTree:node_modules/spawn-command Completed in 0ms
119 silly placeDep ROOT has-flag@4.0.0 OK for: supports-color@8.1.1 want: ^4.0.0
120 timing idealTree:node_modules/supports-color Completed in 1ms
121 timing idealTree:node_modules/has-flag Completed in 0ms
122 timing idealTree:node_modules/tree-kill Completed in 1ms
123 timing idealTree:node_modules/tslib Completed in 0ms
124 silly placeDep ROOT cliui@8.0.1 OK for: yargs@17.7.2 want: ^8.0.1
125 silly placeDep ROOT escalade@3.1.2 OK for: yargs@17.7.2 want: ^3.1.1
126 silly placeDep ROOT get-caller-file@2.0.5 OK for: yargs@17.7.2 want: ^2.0.5
127 silly placeDep ROOT require-directory@2.1.1 OK for: yargs@17.7.2 want: ^2.1.1
128 silly placeDep ROOT string-width@4.2.3 OK for: yargs@17.7.2 want: ^4.2.3
129 silly placeDep ROOT y18n@5.0.8 OK for: yargs@17.7.2 want: ^5.0.5
130 silly placeDep ROOT yargs-parser@21.1.1 OK for: yargs@17.7.2 want: ^21.1.1
131 silly fetch manifest string-width@^4.2.0
132 silly fetch manifest strip-ansi@^6.0.1
133 silly fetch manifest wrap-ansi@^7.0.0
134 silly fetch manifest emoji-regex@^8.0.0
135 silly fetch manifest is-fullwidth-code-point@^3.0.0
136 http fetch GET 200 https://registry.npmjs.org/is-fullwidth-code-point 240ms (cache miss)
137 http fetch GET 200 https://registry.npmjs.org/wrap-ansi 242ms (cache miss)
138 http fetch GET 200 https://registry.npmjs.org/emoji-regex 243ms (cache miss)
139 http fetch GET 200 https://registry.npmjs.org/strip-ansi 246ms (cache miss)
140 timing idealTree:node_modules/yargs Completed in 252ms
141 silly placeDep ROOT strip-ansi@6.0.1 OK for: cliui@8.0.1 want: ^6.0.1
142 silly placeDep ROOT wrap-ansi@7.0.0 OK for: cliui@8.0.1 want: ^7.0.0
143 silly fetch manifest ansi-regex@^5.0.1
144 http fetch GET 200 https://registry.npmjs.org/ansi-regex 217ms (cache miss)
145 timing idealTree:node_modules/cliui Completed in 221ms
146 timing idealTree:node_modules/escalade Completed in 0ms
147 timing idealTree:node_modules/get-caller-file Completed in 0ms
148 timing idealTree:node_modules/require-directory Completed in 0ms
149 silly placeDep ROOT emoji-regex@8.0.0 OK for: string-width@4.2.3 want: ^8.0.0
150 silly placeDep ROOT is-fullwidth-code-point@3.0.0 OK for: string-width@4.2.3 want: ^3.0.0
151 timing idealTree:node_modules/string-width Completed in 3ms
152 timing idealTree:node_modules/emoji-regex Completed in 0ms
153 timing idealTree:node_modules/is-fullwidth-code-point Completed in 0ms
154 silly placeDep ROOT ansi-regex@5.0.1 OK for: strip-ansi@6.0.1 want: ^5.0.1
155 timing idealTree:node_modules/strip-ansi Completed in 1ms
156 timing idealTree:node_modules/ansi-regex Completed in 0ms
157 timing idealTree:node_modules/wrap-ansi Completed in 0ms
158 timing idealTree:node_modules/y18n Completed in 0ms
159 timing idealTree:node_modules/yargs-parser Completed in 0ms
160 timing idealTree:node_modules/chalk/node_modules/supports-color Completed in 0ms
161 timing idealTree:buildDeps Completed in 4402ms
162 timing idealTree:fixDepFlags Completed in 1ms
163 timing idealTree Completed in 4410ms
164 timing reify:loadTrees Completed in 4410ms
165 timing reify:diffTrees Completed in 1ms
166 silly reify moves {}
167 timing reify:retireShallow Completed in 1ms
168 timing reify:createSparse Completed in 5ms
169 timing reify:loadBundles Completed in 0ms
170 silly audit bulk request {
170 silly audit   concurrently: [ '8.2.2' ],
170 silly audit   chalk: [ '4.1.2' ],
170 silly audit   'date-fns': [ '2.30.0' ],
170 silly audit   lodash: [ '4.17.21' ],
170 silly audit   rxjs: [ '7.8.1' ],
170 silly audit   'shell-quote': [ '1.8.1' ],
170 silly audit   'spawn-command': [ '0.0.2' ],
170 silly audit   'supports-color': [ '8.1.1', '7.2.0' ],
170 silly audit   'tree-kill': [ '1.2.2' ],
170 silly audit   yargs: [ '17.7.2' ],
170 silly audit   'ansi-styles': [ '4.3.0' ],
170 silly audit   'color-convert': [ '2.0.1' ],
170 silly audit   'color-name': [ '1.1.4' ],
170 silly audit   '@babel/runtime': [ '7.24.7' ],
170 silly audit   'regenerator-runtime': [ '0.14.1' ],
170 silly audit   tslib: [ '2.6.3' ],
170 silly audit   'has-flag': [ '4.0.0' ],
170 silly audit   cliui: [ '8.0.1' ],
170 silly audit   escalade: [ '3.1.2' ],
170 silly audit   'get-caller-file': [ '2.0.5' ],
170 silly audit   'require-directory': [ '2.1.1' ],
170 silly audit   'string-width': [ '4.2.3' ],
170 silly audit   y18n: [ '5.0.8' ],
170 silly audit   'yargs-parser': [ '21.1.1' ],
170 silly audit   'strip-ansi': [ '6.0.1' ],
170 silly audit   'wrap-ansi': [ '7.0.0' ],
170 silly audit   'emoji-regex': [ '8.0.0' ],
170 silly audit   'is-fullwidth-code-point': [ '3.0.0' ],
170 silly audit   'ansi-regex': [ '5.0.1' ]
170 silly audit }
171 silly tarball no local data for ansi-regex@https://registry.npmjs.org/ansi-regex/-/ansi-regex-5.0.1.tgz. Extracting by manifest.
172 silly tarball no local data for is-fullwidth-code-point@https://registry.npmjs.org/is-fullwidth-code-point/-/is-fullwidth-code-point-3.0.0.tgz. Extracting by manifest.
173 silly tarball no local data for emoji-regex@https://registry.npmjs.org/emoji-regex/-/emoji-regex-8.0.0.tgz. Extracting by manifest.
174 silly tarball no local data for strip-ansi@https://registry.npmjs.org/strip-ansi/-/strip-ansi-6.0.1.tgz. Extracting by manifest.
175 silly tarball no local data for yargs-parser@https://registry.npmjs.org/yargs-parser/-/yargs-parser-21.1.1.tgz. Extracting by manifest.
176 silly tarball no local data for string-width@https://registry.npmjs.org/string-width/-/string-width-4.2.3.tgz. Extracting by manifest.
177 silly tarball no local data for require-directory@https://registry.npmjs.org/require-directory/-/require-directory-2.1.1.tgz. Extracting by manifest.
178 silly tarball no local data for get-caller-file@https://registry.npmjs.org/get-caller-file/-/get-caller-file-2.0.5.tgz. Extracting by manifest.
179 silly tarball no local data for escalade@https://registry.npmjs.org/escalade/-/escalade-3.1.2.tgz. Extracting by manifest.
180 silly tarball no local data for cliui@https://registry.npmjs.org/cliui/-/cliui-8.0.1.tgz. Extracting by manifest.
181 silly tarball no local data for wrap-ansi@https://registry.npmjs.org/wrap-ansi/-/wrap-ansi-7.0.0.tgz. Extracting by manifest.
182 silly tarball no local data for y18n@https://registry.npmjs.org/y18n/-/y18n-5.0.8.tgz. Extracting by manifest.
183 silly tarball no local data for has-flag@https://registry.npmjs.org/has-flag/-/has-flag-4.0.0.tgz. Extracting by manifest.
184 silly tarball no local data for regenerator-runtime@https://registry.npmjs.org/regenerator-runtime/-/regenerator-runtime-0.14.1.tgz. Extracting by manifest.
185 silly tarball no local data for @babel/runtime@https://registry.npmjs.org/@babel/runtime/-/runtime-7.24.7.tgz. Extracting by manifest.
186 silly tarball no local data for tslib@https://registry.npmjs.org/tslib/-/tslib-2.6.3.tgz. Extracting by manifest.
187 silly tarball no local data for color-name@https://registry.npmjs.org/color-name/-/color-name-1.1.4.tgz. Extracting by manifest.
188 silly tarball no local data for color-convert@https://registry.npmjs.org/color-convert/-/color-convert-2.0.1.tgz. Extracting by manifest.
189 silly tarball no local data for yargs@https://registry.npmjs.org/yargs/-/yargs-17.7.2.tgz. Extracting by manifest.
190 silly tarball no local data for ansi-styles@https://registry.npmjs.org/ansi-styles/-/ansi-styles-4.3.0.tgz. Extracting by manifest.
191 silly tarball no local data for tree-kill@https://registry.npmjs.org/tree-kill/-/tree-kill-1.2.2.tgz. Extracting by manifest.
192 silly tarball no local data for supports-color@https://registry.npmjs.org/supports-color/-/supports-color-8.1.1.tgz. Extracting by manifest.
193 silly tarball no local data for spawn-command@https://registry.npmjs.org/spawn-command/-/spawn-command-0.0.2.tgz. Extracting by manifest.
194 silly tarball no local data for shell-quote@https://registry.npmjs.org/shell-quote/-/shell-quote-1.8.1.tgz. Extracting by manifest.
195 silly tarball no local data for rxjs@https://registry.npmjs.org/rxjs/-/rxjs-7.8.1.tgz. Extracting by manifest.
196 silly tarball no local data for lodash@https://registry.npmjs.org/lodash/-/lodash-4.17.21.tgz. Extracting by manifest.
197 silly tarball no local data for date-fns@https://registry.npmjs.org/date-fns/-/date-fns-2.30.0.tgz. Extracting by manifest.
198 silly tarball no local data for chalk@https://registry.npmjs.org/chalk/-/chalk-4.1.2.tgz. Extracting by manifest.
199 silly tarball no local data for concurrently@https://registry.npmjs.org/concurrently/-/concurrently-8.2.2.tgz. Extracting by manifest.
200 silly tarball no local data for supports-color@https://registry.npmjs.org/supports-color/-/supports-color-7.2.0.tgz. Extracting by manifest.
201 http fetch GET 200 https://registry.npmjs.org/is-fullwidth-code-point/-/is-fullwidth-code-point-3.0.0.tgz 287ms (cache miss)
202 timing reifyNode:node_modules/is-fullwidth-code-point Completed in 310ms
203 http fetch GET 200 https://registry.npmjs.org/strip-ansi/-/strip-ansi-6.0.1.tgz 287ms (cache miss)
204 timing reifyNode:node_modules/strip-ansi Completed in 311ms
205 http fetch GET 200 https://registry.npmjs.org/emoji-regex/-/emoji-regex-8.0.0.tgz 289ms (cache miss)
206 timing reifyNode:node_modules/emoji-regex Completed in 312ms
207 http fetch GET 200 https://registry.npmjs.org/ansi-regex/-/ansi-regex-5.0.1.tgz 292ms (cache miss)
208 timing reifyNode:node_modules/ansi-regex Completed in 314ms
209 http fetch GET 200 https://registry.npmjs.org/string-width/-/string-width-4.2.3.tgz 290ms (cache miss)
210 timing reifyNode:node_modules/string-width Completed in 316ms
211 http fetch GET 200 https://registry.npmjs.org/get-caller-file/-/get-caller-file-2.0.5.tgz 290ms (cache miss)
212 timing reifyNode:node_modules/get-caller-file Completed in 317ms
213 http fetch GET 200 https://registry.npmjs.org/require-directory/-/require-directory-2.1.1.tgz 294ms (cache miss)
214 timing reifyNode:node_modules/require-directory Completed in 319ms
215 http fetch GET 200 https://registry.npmjs.org/cliui/-/cliui-8.0.1.tgz 292ms (cache miss)
216 timing reifyNode:node_modules/cliui Completed in 320ms
217 http fetch GET 200 https://registry.npmjs.org/escalade/-/escalade-3.1.2.tgz 293ms (cache miss)
218 timing reifyNode:node_modules/escalade Completed in 320ms
219 http fetch GET 200 https://registry.npmjs.org/yargs-parser/-/yargs-parser-21.1.1.tgz 298ms (cache miss)
220 timing reifyNode:node_modules/yargs-parser Completed in 322ms
221 http fetch POST 200 https://registry.npmjs.org/-/npm/v1/security/advisories/bulk 421ms
222 timing auditReport:getReport Completed in 424ms
223 silly audit report {}
224 timing auditReport:init Completed in 0ms
225 timing reify:audit Completed in 425ms
226 http fetch GET 200 https://registry.npmjs.org/color-convert/-/color-convert-2.0.1.tgz 900ms (cache miss)
227 timing reifyNode:node_modules/color-convert Completed in 934ms
228 http fetch GET 200 https://registry.npmjs.org/spawn-command/-/spawn-command-0.0.2.tgz 909ms (cache miss)
229 timing reifyNode:node_modules/spawn-command Completed in 944ms
230 http fetch GET 200 https://registry.npmjs.org/wrap-ansi/-/wrap-ansi-7.0.0.tgz 924ms (cache miss)
231 timing reifyNode:node_modules/wrap-ansi Completed in 952ms
232 http fetch GET 200 https://registry.npmjs.org/supports-color/-/supports-color-8.1.1.tgz 916ms (cache miss)
233 timing reifyNode:node_modules/supports-color Completed in 951ms
234 http fetch GET 200 https://registry.npmjs.org/has-flag/-/has-flag-4.0.0.tgz 923ms (cache miss)
235 timing reifyNode:node_modules/has-flag Completed in 953ms
236 http fetch GET 200 https://registry.npmjs.org/color-name/-/color-name-1.1.4.tgz 927ms (cache miss)
237 timing reifyNode:node_modules/color-name Completed in 960ms
238 http fetch GET 200 https://registry.npmjs.org/tree-kill/-/tree-kill-1.2.2.tgz 925ms (cache miss)
239 timing reifyNode:node_modules/tree-kill Completed in 960ms
240 http fetch GET 200 https://registry.npmjs.org/regenerator-runtime/-/regenerator-runtime-0.14.1.tgz 948ms (cache miss)
241 timing reifyNode:node_modules/regenerator-runtime Completed in 978ms
242 http fetch GET 200 https://registry.npmjs.org/chalk/-/chalk-4.1.2.tgz 942ms (cache miss)
243 timing reifyNode:node_modules/chalk Completed in 981ms
244 http fetch GET 200 https://registry.npmjs.org/y18n/-/y18n-5.0.8.tgz 954ms (cache miss)
245 timing reifyNode:node_modules/y18n Completed in 983ms
246 http fetch GET 200 https://registry.npmjs.org/ansi-styles/-/ansi-styles-4.3.0.tgz 965ms (cache miss)
247 timing reifyNode:node_modules/ansi-styles Completed in 999ms
248 http fetch GET 200 https://registry.npmjs.org/shell-quote/-/shell-quote-1.8.1.tgz 976ms (cache miss)
249 timing reifyNode:node_modules/shell-quote Completed in 1013ms
250 http fetch GET 200 https://registry.npmjs.org/supports-color/-/supports-color-7.2.0.tgz 991ms (cache miss)
251 timing reifyNode:node_modules/chalk/node_modules/supports-color Completed in 1036ms
252 http fetch GET 200 https://registry.npmjs.org/tslib/-/tslib-2.6.3.tgz 1036ms (cache miss)
253 timing reifyNode:node_modules/tslib Completed in 1068ms
254 http fetch GET 200 https://registry.npmjs.org/concurrently/-/concurrently-8.2.2.tgz 1046ms (cache miss)
255 timing reifyNode:node_modules/concurrently Completed in 1087ms
256 http fetch GET 200 https://registry.npmjs.org/yargs/-/yargs-17.7.2.tgz 1076ms (cache miss)
257 timing reifyNode:node_modules/yargs Completed in 1110ms
258 http fetch GET 200 https://registry.npmjs.org/@babel/runtime/-/runtime-7.24.7.tgz 1190ms (cache miss)
259 timing reifyNode:node_modules/@babel/runtime Completed in 1221ms
260 http fetch GET 200 https://registry.npmjs.org/lodash/-/lodash-4.17.21.tgz 1552ms (cache miss)
261 timing reifyNode:node_modules/lodash Completed in 1591ms
262 http fetch GET 200 https://registry.npmjs.org/rxjs/-/rxjs-7.8.1.tgz 1997ms (cache miss)
263 timing reifyNode:node_modules/rxjs Completed in 2034ms
264 http fetch GET 200 https://registry.npmjs.org/date-fns/-/date-fns-2.30.0.tgz 5290ms (cache miss)
265 timing reifyNode:node_modules/date-fns Completed in 5329ms
266 timing reify:unpack Completed in 5331ms
267 timing reify:unretire Completed in 0ms
268 timing build:queue Completed in 1ms
269 timing build:link:node_modules/concurrently Completed in 2ms
270 timing build:link:node_modules/tree-kill Completed in 2ms
271 timing build:link Completed in 3ms
272 timing build:deps Completed in 4ms
273 timing build Completed in 4ms
274 timing reify:build Completed in 5ms
275 timing reify:trash Completed in 0ms
276 timing reify:save Completed in 10ms
277 timing reify Completed in 9778ms
