0 verbose cli /usr/local/bin/node /usr/local/bin/npm
0 verbose cli /usr/local/bin/node /usr/local/lib/node_modules/npm/bin/npm-cli.js
1 info using npm@10.5.0
2 info using node@v20.12.2
1 info using npm@10.5.0
3 timing npm:load:whichnode Completed in 1ms
2 info using node@v20.12.2
3 timing npm:load:whichnode Completed in 1ms
4 timing config:load:defaults Completed in 2ms
5 timing config:load:file:/usr/local/lib/node_modules/npm/npmrc Completed in 1ms
4 timing config:load:defaults Completed in 1ms
6 timing config:load:builtin Completed in 2ms
5 timing config:load:file:/usr/local/lib/node_modules/npm/npmrc Completed in 2ms
7 timing config:load:cli Completed in 1ms
6 timing config:load:builtin Completed in 2ms
8 timing config:load:env Completed in 1ms
7 timing config:load:cli Completed in 2ms
9 timing config:load:project Completed in 1ms
8 timing config:load:env Completed in 0ms
9 timing config:load:project Completed in 2ms
10 timing config:load:file:/root/.npmrc Completed in 2ms
10 timing config:load:file:/root/.npmrc Completed in 2ms
11 timing config:load:user Completed in 2ms
11 timing config:load:user Completed in 2ms
12 timing config:load:file:/usr/local/etc/npmrc Completed in 1ms
12 timing config:load:file:/usr/local/etc/npmrc Completed in 3ms
13 timing config:load:global Completed in 1ms
13 timing config:load:global Completed in 3ms
14 timing config:load:setEnvs Completed in 1ms
14 timing config:load:setEnvs Completed in 1ms
15 timing config:load Completed in 11ms
15 timing config:load Completed in 13ms
16 timing npm:load:configload Completed in 11ms
16 timing npm:load:configload Completed in 13ms
17 timing config:load:flatten Completed in 1ms
17 timing config:load:flatten Completed in 2ms
18 timing npm:load:mkdirpcache Completed in 0ms
18 timing npm:load:mkdirpcache Completed in 0ms
19 timing npm:load:mkdirplogs Completed in 0ms
19 timing npm:load:mkdirplogs Completed in 0ms
20 verbose title npm exec webpack --watch --progress
20 verbose title npm start --watch --verbose-watch --ignore-watch=node_modules .git .sqlite
21 verbose argv "exec" "--" "webpack" "--watch" "--progress"
21 verbose argv "start" "--" "--watch" "--verbose-watch" "--ignore-watch=node_modules .git .sqlite"
22 timing npm:load:setTitle Completed in 1ms
23 timing npm:load:display Completed in 0ms
22 timing npm:load:setTitle Completed in 1ms
23 timing npm:load:display Completed in 0ms
24 verbose logfile logs-max:10 dir:/root/.npm/_logs/2024-06-12T23_41_42_817Z-
24 verbose logfile logs-max:10 dir:/root/.npm/_logs/2024-06-12T23_41_42_817Z-
25 verbose logfile /root/.npm/_logs/2024-06-12T23_41_42_817Z-debug-0.log
25 verbose logfile /root/.npm/_logs/2024-06-12T23_41_42_817Z-debug-0.log
26 timing npm:load:logFile Completed in 6ms
26 timing npm:load:logFile Completed in 6ms
27 timing npm:load:timers Completed in 0ms
27 timing npm:load:timers Completed in 0ms
28 timing npm:load:configScope Completed in 1ms
28 timing npm:load:configScope Completed in 1ms
29 timing npm:load Completed in 34ms
29 timing npm:load Completed in 34ms
30 silly logfile done cleaning log files
30 silly logfile done cleaning log files
31 timing arborist:ctor Completed in 0ms
31 timing command:run-script Completed in 227ms
32 timing command:start Completed in 232ms
33 verbose exit 127
34 timing npm Completed in 289ms
35 verbose code 127
32 http fetch GET 200 https://registry.npmjs.org/webpack 1291ms (cache miss)
33 timing arborist:ctor Completed in 0ms
34 timing arborist:ctor Completed in 0ms
35 warn exec The following package was not found and will be installed: webpack@5.92.0
36 timing arborist:ctor Completed in 1ms
37 timing idealTree:init Completed in 4ms
38 timing idealTree:userRequests Completed in 1ms
39 silly idealTree buildDeps
40 silly fetch manifest webpack@5.92.0
41 http fetch GET 200 https://registry.npmjs.org/webpack 747ms (cache miss)
42 silly placeDep ROOT webpack@5.92.0 OK for:  want: 5.92.0
43 silly fetch manifest @types/eslint-scope@^3.7.3
44 silly fetch manifest @types/estree@^1.0.5
45 silly fetch manifest @webassemblyjs/ast@^1.12.1
46 silly fetch manifest @webassemblyjs/wasm-edit@^1.12.1
47 silly fetch manifest @webassemblyjs/wasm-parser@^1.12.1
48 silly fetch manifest acorn@^8.7.1
49 silly fetch manifest acorn-import-attributes@^1.9.5
50 silly fetch manifest browserslist@^4.21.10
51 silly fetch manifest chrome-trace-event@^1.0.2
52 silly fetch manifest enhanced-resolve@^5.17.0
53 silly fetch manifest es-module-lexer@^1.2.1
54 http fetch GET 200 https://registry.npmjs.org/@types%2feslint-scope 254ms (cache miss)
55 silly fetch manifest eslint-scope@5.1.1
56 http fetch GET 200 https://registry.npmjs.org/eslint-scope 231ms (cache miss)
57 silly fetch manifest events@^3.2.0
58 http fetch GET 200 https://registry.npmjs.org/enhanced-resolve 874ms (cache miss)
59 silly fetch manifest glob-to-regexp@^0.4.1
60 http fetch GET 200 https://registry.npmjs.org/acorn-import-attributes 892ms (cache miss)
61 silly fetch manifest graceful-fs@^4.2.11
62 http fetch GET 200 https://registry.npmjs.org/browserslist 920ms (cache miss)
63 silly fetch manifest json-parse-even-better-errors@^2.3.1
64 http fetch GET 200 https://registry.npmjs.org/acorn 936ms (cache miss)
65 silly fetch manifest loader-runner@^4.2.0
66 http fetch GET 200 https://registry.npmjs.org/es-module-lexer 946ms (cache miss)
67 silly fetch manifest mime-types@^2.1.27
68 http fetch GET 200 https://registry.npmjs.org/chrome-trace-event 954ms (cache miss)
69 silly fetch manifest neo-async@^2.6.2
70 http fetch GET 200 https://registry.npmjs.org/@types%2festree 960ms (cache miss)
71 silly fetch manifest schema-utils@^3.2.0
72 http fetch GET 200 https://registry.npmjs.org/@webassemblyjs%2fwasm-parser 962ms (cache miss)
73 silly fetch manifest tapable@^2.1.1
74 http fetch GET 200 https://registry.npmjs.org/@webassemblyjs%2fast 971ms (cache miss)
75 silly fetch manifest terser-webpack-plugin@^5.3.10
76 http fetch GET 200 https://registry.npmjs.org/@webassemblyjs%2fwasm-edit 978ms (cache miss)
77 silly fetch manifest watchpack@^2.4.1
78 http fetch GET 200 https://registry.npmjs.org/glob-to-regexp 216ms (cache miss)
79 silly fetch manifest webpack-sources@^3.2.3
80 http fetch GET 200 https://registry.npmjs.org/json-parse-even-better-errors 216ms (cache miss)
81 http fetch GET 200 https://registry.npmjs.org/graceful-fs 253ms (cache miss)
82 http fetch GET 200 https://registry.npmjs.org/loader-runner 215ms (cache miss)
83 http fetch GET 200 https://registry.npmjs.org/tapable 214ms (cache miss)
84 http fetch GET 200 https://registry.npmjs.org/schema-utils 223ms (cache miss)
85 http fetch GET 200 https://registry.npmjs.org/neo-async 229ms (cache miss)
86 http fetch GET 200 https://registry.npmjs.org/mime-types 264ms (cache miss)
87 http fetch GET 200 https://registry.npmjs.org/terser-webpack-plugin 247ms (cache miss)
88 http fetch GET 200 https://registry.npmjs.org/watchpack 246ms (cache miss)
89 http fetch GET 200 https://registry.npmjs.org/events 840ms (cache miss)
90 http fetch GET 200 https://registry.npmjs.org/webpack-sources 229ms (cache miss)
91 timing idealTree:#root Completed in 2154ms
92 silly fetch manifest webpack@^5.1.0
93 silly placeDep ROOT @types/eslint-scope@3.7.7 OK for: webpack@5.92.0 want: ^3.7.3
94 silly placeDep ROOT @types/estree@1.0.5 OK for: webpack@5.92.0 want: ^1.0.5
95 silly placeDep ROOT @webassemblyjs/ast@1.12.1 OK for: webpack@5.92.0 want: ^1.12.1
96 silly placeDep ROOT @webassemblyjs/wasm-edit@1.12.1 OK for: webpack@5.92.0 want: ^1.12.1
97 silly placeDep ROOT @webassemblyjs/wasm-parser@1.12.1 OK for: webpack@5.92.0 want: ^1.12.1
98 silly placeDep ROOT acorn@8.11.3 OK for: webpack@5.92.0 want: ^8.7.1
99 silly placeDep ROOT acorn-import-attributes@1.9.5 OK for: webpack@5.92.0 want: ^1.9.5
100 silly placeDep ROOT browserslist@4.23.1 OK for: webpack@5.92.0 want: ^4.21.10
101 silly placeDep ROOT chrome-trace-event@1.0.4 OK for: webpack@5.92.0 want: ^1.0.2
102 silly placeDep ROOT enhanced-resolve@5.17.0 OK for: webpack@5.92.0 want: ^5.17.0
103 silly placeDep ROOT es-module-lexer@1.5.3 OK for: webpack@5.92.0 want: ^1.2.1
104 silly placeDep ROOT eslint-scope@5.1.1 OK for: webpack@5.92.0 want: 5.1.1
105 silly placeDep ROOT events@3.3.0 OK for: webpack@5.92.0 want: ^3.2.0
106 silly placeDep ROOT glob-to-regexp@0.4.1 OK for: webpack@5.92.0 want: ^0.4.1
107 silly placeDep ROOT graceful-fs@4.2.11 OK for: webpack@5.92.0 want: ^4.2.11
108 silly placeDep ROOT json-parse-even-better-errors@2.3.1 OK for: webpack@5.92.0 want: ^2.3.1
109 silly placeDep ROOT loader-runner@4.3.0 OK for: webpack@5.92.0 want: ^4.2.0
110 silly placeDep ROOT mime-types@2.1.35 OK for: webpack@5.92.0 want: ^2.1.27
111 silly placeDep ROOT neo-async@2.6.2 OK for: webpack@5.92.0 want: ^2.6.2
112 silly placeDep ROOT schema-utils@3.3.0 OK for: webpack@5.92.0 want: ^3.2.0
113 silly placeDep ROOT tapable@2.2.1 OK for: webpack@5.92.0 want: ^2.1.1
114 silly placeDep ROOT terser-webpack-plugin@5.3.10 OK for: webpack@5.92.0 want: ^5.3.10
115 silly placeDep ROOT watchpack@2.4.1 OK for: webpack@5.92.0 want: ^2.4.1
116 silly placeDep ROOT webpack-sources@3.2.3 OK for: webpack@5.92.0 want: ^3.2.3
117 silly fetch manifest @types/eslint@*
118 silly fetch manifest @types/estree@*
119 silly fetch manifest @webassemblyjs/helper-numbers@1.11.6
120 silly fetch manifest @webassemblyjs/helper-wasm-bytecode@1.11.6
121 silly fetch manifest @webassemblyjs/helper-buffer@1.12.1
122 silly fetch manifest @webassemblyjs/helper-wasm-section@1.12.1
123 silly fetch manifest @webassemblyjs/wasm-gen@1.12.1
124 silly fetch manifest @webassemblyjs/wasm-opt@1.12.1
125 silly fetch manifest @webassemblyjs/wasm-parser@1.12.1
126 silly fetch manifest @webassemblyjs/wast-printer@1.12.1
127 silly fetch manifest @webassemblyjs/helper-api-error@1.11.6
128 http fetch GET 200 https://registry.npmjs.org/@webassemblyjs%2fhelper-buffer 393ms (cache miss)
129 silly fetch manifest @webassemblyjs/ieee754@1.11.6
130 http fetch GET 200 https://registry.npmjs.org/@webassemblyjs%2fhelper-wasm-bytecode 397ms (cache miss)
131 silly fetch manifest @webassemblyjs/leb128@1.11.6
132 silly fetch manifest @webassemblyjs/utf8@1.11.6
133 silly fetch manifest caniuse-lite@^1.0.30001629
134 http fetch GET 200 https://registry.npmjs.org/@webassemblyjs%2fhelper-numbers 405ms (cache miss)
135 silly fetch manifest electron-to-chromium@^1.4.796
136 http fetch GET 200 https://registry.npmjs.org/@webassemblyjs%2fwast-printer 406ms (cache miss)
137 silly fetch manifest node-releases@^2.0.14
138 http fetch GET 200 https://registry.npmjs.org/@webassemblyjs%2fhelper-wasm-section 416ms (cache miss)
139 silly fetch manifest update-browserslist-db@^1.0.16
140 http fetch GET 200 https://registry.npmjs.org/@webassemblyjs%2fhelper-api-error 572ms (cache miss)
141 silly fetch manifest graceful-fs@^4.2.4
142 silly fetch manifest tapable@^2.2.0
143 silly fetch manifest esrecurse@^4.3.0
144 http fetch GET 200 https://registry.npmjs.org/@types%2feslint 587ms (cache miss)
145 silly fetch manifest estraverse@^4.1.1
146 http fetch GET 200 https://registry.npmjs.org/@webassemblyjs%2futf8 236ms (cache miss)
147 silly fetch manifest mime-db@1.52.0
148 http fetch GET 200 https://registry.npmjs.org/@webassemblyjs%2fieee754 252ms (cache miss)
149 silly fetch manifest @types/json-schema@^7.0.8
150 http fetch GET 200 https://registry.npmjs.org/@webassemblyjs%2fleb128 259ms (cache miss)
151 silly fetch manifest ajv@^6.12.5
152 http fetch GET 200 https://registry.npmjs.org/node-releases 250ms (cache miss)
153 silly fetch manifest ajv-keywords@^3.5.2
154 http fetch GET 200 https://registry.npmjs.org/update-browserslist-db 251ms (cache miss)
155 silly fetch manifest @jridgewell/trace-mapping@^0.3.20
156 http fetch GET 200 https://registry.npmjs.org/esrecurse 233ms (cache miss)
157 silly fetch manifest jest-worker@^27.4.5
158 http fetch GET 200 https://registry.npmjs.org/estraverse 232ms (cache miss)
159 silly fetch manifest serialize-javascript@^6.0.1
160 http fetch GET 200 https://registry.npmjs.org/@webassemblyjs%2fwasm-gen 859ms (cache miss)
161 silly fetch manifest terser@^5.26.0
162 http fetch GET 200 https://registry.npmjs.org/mime-db 266ms (cache miss)
163 http fetch GET 200 https://registry.npmjs.org/ajv-keywords 262ms (cache miss)
164 http fetch GET 200 https://registry.npmjs.org/@types%2fjson-schema 295ms (cache miss)
165 http fetch GET 200 https://registry.npmjs.org/@jridgewell%2ftrace-mapping 275ms (cache miss)
166 http fetch GET 200 https://registry.npmjs.org/caniuse-lite 630ms (cache miss)
167 http fetch GET 200 https://registry.npmjs.org/serialize-javascript 230ms (cache miss)
168 http fetch GET 200 https://registry.npmjs.org/@webassemblyjs%2fwasm-opt 1062ms (cache miss)
169 http fetch GET 200 https://registry.npmjs.org/ajv 474ms (cache miss)
170 http fetch GET 200 https://registry.npmjs.org/electron-to-chromium 872ms (cache miss)
171 http fetch GET 200 https://registry.npmjs.org/terser 446ms (cache miss)
172 http fetch GET 200 https://registry.npmjs.org/jest-worker 1007ms (cache miss)
173 timing idealTree:node_modules/webpack Completed in 1858ms
174 silly placeDep ROOT @types/eslint@8.56.10 OK for: @types/eslint-scope@3.7.7 want: *
175 silly fetch manifest @types/json-schema@*
176 timing idealTree:node_modules/@types/eslint-scope Completed in 3ms
177 silly placeDep ROOT @types/json-schema@7.0.15 OK for: @types/eslint@8.56.10 want: *
178 timing idealTree:node_modules/@types/eslint Completed in 2ms
179 timing idealTree:node_modules/@types/estree Completed in 0ms
180 timing idealTree:node_modules/@types/json-schema Completed in 0ms
181 silly placeDep ROOT @webassemblyjs/helper-numbers@1.11.6 OK for: @webassemblyjs/ast@1.12.1 want: 1.11.6
182 silly placeDep ROOT @webassemblyjs/helper-wasm-bytecode@1.11.6 OK for: @webassemblyjs/ast@1.12.1 want: 1.11.6
183 silly fetch manifest @webassemblyjs/floating-point-hex-parser@1.11.6
184 silly fetch manifest @xtuc/long@4.2.2
185 http fetch GET 200 https://registry.npmjs.org/@webassemblyjs%2ffloating-point-hex-parser 258ms (cache miss)
186 http fetch GET 200 https://registry.npmjs.org/@xtuc%2flong 259ms (cache miss)
187 timing idealTree:node_modules/@webassemblyjs/ast Completed in 263ms
188 silly placeDep ROOT @webassemblyjs/floating-point-hex-parser@1.11.6 OK for: @webassemblyjs/helper-numbers@1.11.6 want: 1.11.6
189 silly placeDep ROOT @webassemblyjs/helper-api-error@1.11.6 OK for: @webassemblyjs/helper-numbers@1.11.6 want: 1.11.6
190 silly placeDep ROOT @xtuc/long@4.2.2 OK for: @webassemblyjs/helper-numbers@1.11.6 want: 4.2.2
191 timing idealTree:node_modules/@webassemblyjs/helper-numbers Completed in 3ms
192 timing idealTree:node_modules/@webassemblyjs/floating-point-hex-parser Completed in 0ms
193 timing idealTree:node_modules/@webassemblyjs/helper-api-error Completed in 0ms
194 timing idealTree:node_modules/@webassemblyjs/helper-wasm-bytecode Completed in 1ms
195 silly placeDep ROOT @webassemblyjs/helper-buffer@1.12.1 OK for: @webassemblyjs/wasm-edit@1.12.1 want: 1.12.1
196 silly placeDep ROOT @webassemblyjs/helper-wasm-section@1.12.1 OK for: @webassemblyjs/wasm-edit@1.12.1 want: 1.12.1
197 silly placeDep ROOT @webassemblyjs/wasm-gen@1.12.1 OK for: @webassemblyjs/wasm-edit@1.12.1 want: 1.12.1
198 silly placeDep ROOT @webassemblyjs/wasm-opt@1.12.1 OK for: @webassemblyjs/wasm-edit@1.12.1 want: 1.12.1
199 silly placeDep ROOT @webassemblyjs/wast-printer@1.12.1 OK for: @webassemblyjs/wasm-edit@1.12.1 want: 1.12.1
200 timing idealTree:node_modules/@webassemblyjs/wasm-edit Completed in 6ms
201 timing idealTree:node_modules/@webassemblyjs/helper-buffer Completed in 0ms
202 timing idealTree:node_modules/@webassemblyjs/helper-wasm-section Completed in 0ms
203 silly placeDep ROOT @webassemblyjs/ieee754@1.11.6 OK for: @webassemblyjs/wasm-gen@1.12.1 want: 1.11.6
204 silly placeDep ROOT @webassemblyjs/leb128@1.11.6 OK for: @webassemblyjs/wasm-gen@1.12.1 want: 1.11.6
205 silly placeDep ROOT @webassemblyjs/utf8@1.11.6 OK for: @webassemblyjs/wasm-gen@1.12.1 want: 1.11.6
206 silly fetch manifest @xtuc/ieee754@^1.2.0
207 http fetch GET 200 https://registry.npmjs.org/@xtuc%2fieee754 229ms (cache miss)
208 timing idealTree:node_modules/@webassemblyjs/wasm-gen Completed in 234ms
209 silly placeDep ROOT @xtuc/ieee754@1.2.0 OK for: @webassemblyjs/ieee754@1.11.6 want: ^1.2.0
210 timing idealTree:node_modules/@webassemblyjs/ieee754 Completed in 2ms
211 timing idealTree:node_modules/@webassemblyjs/leb128 Completed in 0ms
212 timing idealTree:node_modules/@webassemblyjs/utf8 Completed in 0ms
213 timing idealTree:node_modules/@webassemblyjs/wasm-opt Completed in 0ms
214 timing idealTree:node_modules/@webassemblyjs/wasm-parser Completed in 0ms
215 timing idealTree:node_modules/@webassemblyjs/wast-printer Completed in 0ms
216 timing idealTree:node_modules/@xtuc/ieee754 Completed in 0ms
217 timing idealTree:node_modules/@xtuc/long Completed in 0ms
218 timing idealTree:node_modules/acorn Completed in 0ms
219 timing idealTree:node_modules/acorn-import-attributes Completed in 1ms
220 silly fetch manifest browserslist@>= 4.21.0
221 silly placeDep ROOT caniuse-lite@1.0.30001632 OK for: browserslist@4.23.1 want: ^1.0.30001629
222 silly placeDep ROOT electron-to-chromium@1.4.800 OK for: browserslist@4.23.1 want: ^1.4.796
223 silly placeDep ROOT node-releases@2.0.14 OK for: browserslist@4.23.1 want: ^2.0.14
224 silly placeDep ROOT update-browserslist-db@1.0.16 OK for: browserslist@4.23.1 want: ^1.0.16
225 silly fetch manifest escalade@^3.1.2
226 silly fetch manifest picocolors@^1.0.1
227 http fetch GET 200 https://registry.npmjs.org/escalade 15ms (cache hit)
228 http fetch GET 200 https://registry.npmjs.org/picocolors 223ms (cache miss)
229 timing idealTree:node_modules/browserslist Completed in 234ms
230 timing idealTree:node_modules/caniuse-lite Completed in 0ms
231 timing idealTree:node_modules/chrome-trace-event Completed in 0ms
232 timing idealTree:node_modules/electron-to-chromium Completed in 0ms
233 timing idealTree:node_modules/enhanced-resolve Completed in 0ms
234 timing idealTree:node_modules/es-module-lexer Completed in 0ms
235 silly placeDep ROOT esrecurse@4.3.0 OK for: eslint-scope@5.1.1 want: ^4.3.0
236 silly placeDep ROOT estraverse@4.3.0 OK for: eslint-scope@5.1.1 want: ^4.1.1
237 silly fetch manifest estraverse@^5.2.0
238 timing idealTree:node_modules/eslint-scope Completed in 3ms
239 silly placeDep node_modules/esrecurse estraverse@5.3.0 OK for: esrecurse@4.3.0 want: ^5.2.0
240 timing idealTree:node_modules/esrecurse Completed in 1ms
241 timing idealTree:node_modules/estraverse Completed in 1ms
242 timing idealTree:node_modules/events Completed in 0ms
243 timing idealTree:node_modules/glob-to-regexp Completed in 0ms
244 timing idealTree:node_modules/graceful-fs Completed in 0ms
245 timing idealTree:node_modules/json-parse-even-better-errors Completed in 0ms
246 timing idealTree:node_modules/loader-runner Completed in 0ms
247 silly placeDep ROOT mime-db@1.52.0 OK for: mime-types@2.1.35 want: 1.52.0
248 timing idealTree:node_modules/mime-types Completed in 1ms
249 timing idealTree:node_modules/mime-db Completed in 0ms
250 timing idealTree:node_modules/neo-async Completed in 0ms
251 timing idealTree:node_modules/node-releases Completed in 0ms
252 silly placeDep ROOT ajv@6.12.6 OK for: schema-utils@3.3.0 want: ^6.12.5
253 silly placeDep ROOT ajv-keywords@3.5.2 OK for: schema-utils@3.3.0 want: ^3.5.2
254 silly fetch manifest fast-deep-equal@^3.1.1
255 silly fetch manifest fast-json-stable-stringify@^2.0.0
256 silly fetch manifest json-schema-traverse@^0.4.1
257 silly fetch manifest uri-js@^4.2.2
258 http fetch GET 200 https://registry.npmjs.org/fast-json-stable-stringify 210ms (cache miss)
259 http fetch GET 200 https://registry.npmjs.org/fast-deep-equal 217ms (cache miss)
260 http fetch GET 200 https://registry.npmjs.org/uri-js 221ms (cache miss)
261 http fetch GET 200 https://registry.npmjs.org/json-schema-traverse 258ms (cache miss)
262 timing idealTree:node_modules/schema-utils Completed in 264ms
263 silly placeDep ROOT fast-deep-equal@3.1.3 OK for: ajv@6.12.6 want: ^3.1.1
264 silly placeDep ROOT fast-json-stable-stringify@2.1.0 OK for: ajv@6.12.6 want: ^2.0.0
265 silly placeDep ROOT json-schema-traverse@0.4.1 OK for: ajv@6.12.6 want: ^0.4.1
266 silly placeDep ROOT uri-js@4.4.1 OK for: ajv@6.12.6 want: ^4.2.2
267 silly fetch manifest punycode@^2.1.0
268 http fetch GET 200 https://registry.npmjs.org/punycode 213ms (cache miss)
269 timing idealTree:node_modules/ajv Completed in 219ms
270 timing idealTree:node_modules/ajv-keywords Completed in 0ms
271 timing idealTree:node_modules/fast-deep-equal Completed in 0ms
272 timing idealTree:node_modules/fast-json-stable-stringify Completed in 0ms
273 timing idealTree:node_modules/json-schema-traverse Completed in 0ms
274 timing idealTree:node_modules/tapable Completed in 0ms
275 silly placeDep ROOT @jridgewell/trace-mapping@0.3.25 OK for: terser-webpack-plugin@5.3.10 want: ^0.3.20
276 silly placeDep ROOT jest-worker@27.5.1 OK for: terser-webpack-plugin@5.3.10 want: ^27.4.5
277 silly placeDep ROOT serialize-javascript@6.0.2 OK for: terser-webpack-plugin@5.3.10 want: ^6.0.1
278 silly placeDep ROOT terser@5.31.1 OK for: terser-webpack-plugin@5.3.10 want: ^5.26.0
279 silly fetch manifest @jridgewell/resolve-uri@^3.1.0
280 silly fetch manifest @jridgewell/sourcemap-codec@^1.4.14
281 silly fetch manifest @types/node@*
282 silly fetch manifest merge-stream@^2.0.0
283 silly fetch manifest supports-color@^8.0.0
284 silly fetch manifest randombytes@^2.1.0
285 silly fetch manifest @jridgewell/source-map@^0.3.3
286 silly fetch manifest commander@^2.20.0
287 silly fetch manifest source-map-support@~0.5.20
288 http fetch GET 200 https://registry.npmjs.org/supports-color 14ms (cache hit)
289 http fetch GET 200 https://registry.npmjs.org/merge-stream 224ms (cache miss)
290 http fetch GET 200 https://registry.npmjs.org/randombytes 230ms (cache miss)
291 http fetch GET 200 https://registry.npmjs.org/source-map-support 232ms (cache miss)
292 http fetch GET 200 https://registry.npmjs.org/@jridgewell%2fresolve-uri 265ms (cache miss)
293 http fetch GET 200 https://registry.npmjs.org/@jridgewell%2fsource-map 267ms (cache miss)
294 http fetch GET 200 https://registry.npmjs.org/@jridgewell%2fsourcemap-codec 272ms (cache miss)
295 http fetch GET 200 https://registry.npmjs.org/commander 421ms (cache miss)
296 http fetch GET 200 https://registry.npmjs.org/@types%2fnode 986ms (cache miss)
297 timing idealTree:node_modules/terser-webpack-plugin Completed in 1045ms
298 silly placeDep ROOT @jridgewell/resolve-uri@3.1.2 OK for: @jridgewell/trace-mapping@0.3.25 want: ^3.1.0
299 silly placeDep ROOT @jridgewell/sourcemap-codec@1.4.15 OK for: @jridgewell/trace-mapping@0.3.25 want: ^1.4.14
300 timing idealTree:node_modules/@jridgewell/trace-mapping Completed in 2ms
301 timing idealTree:node_modules/@jridgewell/resolve-uri Completed in 0ms
302 timing idealTree:node_modules/@jridgewell/sourcemap-codec Completed in 0ms
303 silly placeDep ROOT @types/node@20.14.2 OK for: jest-worker@27.5.1 want: *
304 silly placeDep ROOT merge-stream@2.0.0 OK for: jest-worker@27.5.1 want: ^2.0.0
305 silly placeDep ROOT supports-color@8.1.1 OK for: jest-worker@27.5.1 want: ^8.0.0
306 silly fetch manifest undici-types@~5.26.4
307 silly fetch manifest has-flag@^4.0.0
308 http fetch GET 200 https://registry.npmjs.org/has-flag 10ms (cache hit)
309 http fetch GET 200 https://registry.npmjs.org/undici-types 239ms (cache miss)
310 timing idealTree:node_modules/jest-worker Completed in 250ms
311 silly placeDep ROOT undici-types@5.26.5 OK for: @types/node@20.14.2 want: ~5.26.4
312 timing idealTree:node_modules/@types/node Completed in 1ms
313 timing idealTree:node_modules/merge-stream Completed in 0ms
314 silly placeDep ROOT randombytes@2.1.0 OK for: serialize-javascript@6.0.2 want: ^2.1.0
315 silly fetch manifest safe-buffer@^5.1.0
316 http fetch GET 200 https://registry.npmjs.org/safe-buffer 419ms (cache miss)
317 timing idealTree:node_modules/serialize-javascript Completed in 421ms
318 silly placeDep ROOT safe-buffer@5.2.1 OK for: randombytes@2.1.0 want: ^5.1.0
319 timing idealTree:node_modules/randombytes Completed in 2ms
320 timing idealTree:node_modules/safe-buffer Completed in 0ms
321 silly placeDep ROOT has-flag@4.0.0 OK for: supports-color@8.1.1 want: ^4.0.0
322 timing idealTree:node_modules/supports-color Completed in 1ms
323 timing idealTree:node_modules/has-flag Completed in 0ms
324 silly placeDep ROOT @jridgewell/source-map@0.3.6 OK for: terser@5.31.1 want: ^0.3.3
325 silly placeDep ROOT commander@2.20.3 OK for: terser@5.31.1 want: ^2.20.0
326 silly placeDep ROOT source-map-support@0.5.21 OK for: terser@5.31.1 want: ~0.5.20
327 silly fetch manifest @jridgewell/gen-mapping@^0.3.5
328 silly fetch manifest buffer-from@^1.0.0
329 silly fetch manifest source-map@^0.6.0
330 http fetch GET 200 https://registry.npmjs.org/buffer-from 251ms (cache miss)
331 http fetch GET 200 https://registry.npmjs.org/source-map 251ms (cache miss)
332 http fetch GET 200 https://registry.npmjs.org/@jridgewell%2fgen-mapping 259ms (cache miss)
333 timing idealTree:node_modules/terser Completed in 263ms
334 silly placeDep ROOT @jridgewell/gen-mapping@0.3.5 OK for: @jridgewell/source-map@0.3.6 want: ^0.3.5
335 silly fetch manifest @jridgewell/set-array@^1.2.1
336 http fetch GET 200 https://registry.npmjs.org/@jridgewell%2fset-array 255ms (cache miss)
337 timing idealTree:node_modules/@jridgewell/source-map Completed in 258ms
338 silly placeDep ROOT @jridgewell/set-array@1.2.1 OK for: @jridgewell/gen-mapping@0.3.5 want: ^1.2.1
339 timing idealTree:node_modules/@jridgewell/gen-mapping Completed in 1ms
340 timing idealTree:node_modules/@jridgewell/set-array Completed in 0ms
341 timing idealTree:node_modules/commander Completed in 0ms
342 silly placeDep ROOT buffer-from@1.1.2 OK for: source-map-support@0.5.21 want: ^1.0.0
343 silly placeDep ROOT source-map@0.6.1 OK for: source-map-support@0.5.21 want: ^0.6.0
344 timing idealTree:node_modules/source-map-support Completed in 1ms
345 timing idealTree:node_modules/buffer-from Completed in 0ms
346 timing idealTree:node_modules/source-map Completed in 0ms
347 timing idealTree:node_modules/undici-types Completed in 0ms
348 silly placeDep ROOT escalade@3.1.2 OK for: update-browserslist-db@1.0.16 want: ^3.1.2
349 silly placeDep ROOT picocolors@1.0.1 OK for: update-browserslist-db@1.0.16 want: ^1.0.1
350 timing idealTree:node_modules/update-browserslist-db Completed in 2ms
351 timing idealTree:node_modules/escalade Completed in 0ms
352 timing idealTree:node_modules/picocolors Completed in 0ms
353 silly placeDep ROOT punycode@2.3.1 OK for: uri-js@4.4.1 want: ^2.1.0
354 timing idealTree:node_modules/uri-js Completed in 1ms
355 timing idealTree:node_modules/punycode Completed in 0ms
356 timing idealTree:node_modules/watchpack Completed in 0ms
357 timing idealTree:node_modules/webpack-sources Completed in 0ms
358 timing idealTree:node_modules/esrecurse/node_modules/estraverse Completed in 0ms
359 timing idealTree:buildDeps Completed in 7502ms
360 timing idealTree:fixDepFlags Completed in 1ms
361 timing idealTree Completed in 7509ms
362 timing reify:loadTrees Completed in 7510ms
363 timing reify:diffTrees Completed in 2ms
364 silly reify moves {}
365 timing reify:retireShallow Completed in 1ms
366 timing reify:createSparse Completed in 10ms
367 timing reify:loadBundles Completed in 0ms
368 silly audit bulk request {
368 silly audit   webpack: [ '5.92.0' ],
368 silly audit   '@types/eslint-scope': [ '3.7.7' ],
368 silly audit   '@types/estree': [ '1.0.5' ],
368 silly audit   '@webassemblyjs/ast': [ '1.12.1' ],
368 silly audit   '@webassemblyjs/wasm-edit': [ '1.12.1' ],
368 silly audit   '@webassemblyjs/wasm-parser': [ '1.12.1' ],
368 silly audit   acorn: [ '8.11.3' ],
368 silly audit   'acorn-import-attributes': [ '1.9.5' ],
368 silly audit   browserslist: [ '4.23.1' ],
368 silly audit   'chrome-trace-event': [ '1.0.4' ],
368 silly audit   'enhanced-resolve': [ '5.17.0' ],
368 silly audit   'es-module-lexer': [ '1.5.3' ],
368 silly audit   'eslint-scope': [ '5.1.1' ],
368 silly audit   events: [ '3.3.0' ],
368 silly audit   'glob-to-regexp': [ '0.4.1' ],
368 silly audit   'graceful-fs': [ '4.2.11' ],
368 silly audit   'json-parse-even-better-errors': [ '2.3.1' ],
368 silly audit   'loader-runner': [ '4.3.0' ],
368 silly audit   'mime-types': [ '2.1.35' ],
368 silly audit   'neo-async': [ '2.6.2' ],
368 silly audit   'schema-utils': [ '3.3.0' ],
368 silly audit   tapable: [ '2.2.1' ],
368 silly audit   'terser-webpack-plugin': [ '5.3.10' ],
368 silly audit   watchpack: [ '2.4.1' ],
368 silly audit   'webpack-sources': [ '3.2.3' ],
368 silly audit   '@types/eslint': [ '8.56.10' ],
368 silly audit   '@types/json-schema': [ '7.0.15' ],
368 silly audit   '@webassemblyjs/helper-numbers': [ '1.11.6' ],
368 silly audit   '@webassemblyjs/helper-wasm-bytecode': [ '1.11.6' ],
368 silly audit   '@webassemblyjs/floating-point-hex-parser': [ '1.11.6' ],
368 silly audit   '@webassemblyjs/helper-api-error': [ '1.11.6' ],
368 silly audit   '@xtuc/long': [ '4.2.2' ],
368 silly audit   '@webassemblyjs/helper-buffer': [ '1.12.1' ],
368 silly audit   '@webassemblyjs/helper-wasm-section': [ '1.12.1' ],
368 silly audit   '@webassemblyjs/wasm-gen': [ '1.12.1' ],
368 silly audit   '@webassemblyjs/wasm-opt': [ '1.12.1' ],
368 silly audit   '@webassemblyjs/wast-printer': [ '1.12.1' ],
368 silly audit   '@webassemblyjs/ieee754': [ '1.11.6' ],
368 silly audit   '@webassemblyjs/leb128': [ '1.11.6' ],
368 silly audit   '@webassemblyjs/utf8': [ '1.11.6' ],
368 silly audit   '@xtuc/ieee754': [ '1.2.0' ],
368 silly audit   'caniuse-lite': [ '1.0.30001632' ],
368 silly audit   'electron-to-chromium': [ '1.4.800' ],
368 silly audit   'node-releases': [ '2.0.14' ],
368 silly audit   'update-browserslist-db': [ '1.0.16' ],
368 silly audit   esrecurse: [ '4.3.0' ],
368 silly audit   estraverse: [ '4.3.0', '5.3.0' ],
368 silly audit   'mime-db': [ '1.52.0' ],
368 silly audit   ajv: [ '6.12.6' ],
368 silly audit   'ajv-keywords': [ '3.5.2' ],
368 silly audit   'fast-deep-equal': [ '3.1.3' ],
368 silly audit   'fast-json-stable-stringify': [ '2.1.0' ],
368 silly audit   'json-schema-traverse': [ '0.4.1' ],
368 silly audit   'uri-js': [ '4.4.1' ],
368 silly audit   '@jridgewell/trace-mapping': [ '0.3.25' ],
368 silly audit   'jest-worker': [ '27.5.1' ],
368 silly audit   'serialize-javascript': [ '6.0.2' ],
368 silly audit   terser: [ '5.31.1' ],
368 silly audit   '@jridgewell/resolve-uri': [ '3.1.2' ],
368 silly audit   '@jridgewell/sourcemap-codec': [ '1.4.15' ],
368 silly audit   '@types/node': [ '20.14.2' ],
368 silly audit   'merge-stream': [ '2.0.0' ],
368 silly audit   'supports-color': [ '8.1.1' ],
368 silly audit   'undici-types': [ '5.26.5' ],
368 silly audit   randombytes: [ '2.1.0' ],
368 silly audit   'safe-buffer': [ '5.2.1' ],
368 silly audit   'has-flag': [ '4.0.0' ],
368 silly audit   '@jridgewell/source-map': [ '0.3.6' ],
368 silly audit   commander: [ '2.20.3' ],
368 silly audit   'source-map-support': [ '0.5.21' ],
368 silly audit   '@jridgewell/gen-mapping': [ '0.3.5' ],
368 silly audit   '@jridgewell/set-array': [ '1.2.1' ],
368 silly audit   'buffer-from': [ '1.1.2' ],
368 silly audit   'source-map': [ '0.6.1' ],
368 silly audit   escalade: [ '3.1.2' ],
368 silly audit   picocolors: [ '1.0.1' ],
368 silly audit   punycode: [ '2.3.1' ]
368 silly audit }
369 silly tarball no local data for punycode@https://registry.npmjs.org/punycode/-/punycode-2.3.1.tgz. Extracting by manifest.
370 silly tarball no local data for picocolors@https://registry.npmjs.org/picocolors/-/picocolors-1.0.1.tgz. Extracting by manifest.
371 silly tarball no local data for buffer-from@https://registry.npmjs.org/buffer-from/-/buffer-from-1.1.2.tgz. Extracting by manifest.
372 silly tarball no local data for @jridgewell/set-array@https://registry.npmjs.org/@jridgewell/set-array/-/set-array-1.2.1.tgz. Extracting by manifest.
373 silly tarball no local data for @jridgewell/gen-mapping@https://registry.npmjs.org/@jridgewell/gen-mapping/-/gen-mapping-0.3.5.tgz. Extracting by manifest.
374 silly tarball no local data for source-map-support@https://registry.npmjs.org/source-map-support/-/source-map-support-0.5.21.tgz. Extracting by manifest.
375 silly tarball no local data for @jridgewell/source-map@https://registry.npmjs.org/@jridgewell/source-map/-/source-map-0.3.6.tgz. Extracting by manifest.
376 silly tarball no local data for safe-buffer@https://registry.npmjs.org/safe-buffer/-/safe-buffer-5.2.1.tgz. Extracting by manifest.
377 silly tarball no local data for randombytes@https://registry.npmjs.org/randombytes/-/randombytes-2.1.0.tgz. Extracting by manifest.
378 silly tarball no local data for commander@https://registry.npmjs.org/commander/-/commander-2.20.3.tgz. Extracting by manifest.
379 silly tarball no local data for source-map@https://registry.npmjs.org/source-map/-/source-map-0.6.1.tgz. Extracting by manifest.
380 silly tarball no local data for undici-types@https://registry.npmjs.org/undici-types/-/undici-types-5.26.5.tgz. Extracting by manifest.
381 silly tarball no local data for merge-stream@https://registry.npmjs.org/merge-stream/-/merge-stream-2.0.0.tgz. Extracting by manifest.
382 silly tarball no local data for @types/node@https://registry.npmjs.org/@types/node/-/node-20.14.2.tgz. Extracting by manifest.
383 silly tarball no local data for @jridgewell/sourcemap-codec@https://registry.npmjs.org/@jridgewell/sourcemap-codec/-/sourcemap-codec-1.4.15.tgz. Extracting by manifest.
384 silly tarball no local data for @jridgewell/resolve-uri@https://registry.npmjs.org/@jridgewell/resolve-uri/-/resolve-uri-3.1.2.tgz. Extracting by manifest.
385 silly tarball no local data for terser@https://registry.npmjs.org/terser/-/terser-5.31.1.tgz. Extracting by manifest.
386 silly tarball no local data for serialize-javascript@https://registry.npmjs.org/serialize-javascript/-/serialize-javascript-6.0.2.tgz. Extracting by manifest.
387 silly tarball no local data for jest-worker@https://registry.npmjs.org/jest-worker/-/jest-worker-27.5.1.tgz. Extracting by manifest.
388 silly tarball no local data for @jridgewell/trace-mapping@https://registry.npmjs.org/@jridgewell/trace-mapping/-/trace-mapping-0.3.25.tgz. Extracting by manifest.
389 silly tarball no local data for uri-js@https://registry.npmjs.org/uri-js/-/uri-js-4.4.1.tgz. Extracting by manifest.
390 silly tarball no local data for json-schema-traverse@https://registry.npmjs.org/json-schema-traverse/-/json-schema-traverse-0.4.1.tgz. Extracting by manifest.
391 silly tarball no local data for fast-json-stable-stringify@https://registry.npmjs.org/fast-json-stable-stringify/-/fast-json-stable-stringify-2.1.0.tgz. Extracting by manifest.
392 silly tarball no local data for fast-deep-equal@https://registry.npmjs.org/fast-deep-equal/-/fast-deep-equal-3.1.3.tgz. Extracting by manifest.
393 silly tarball no local data for ajv-keywords@https://registry.npmjs.org/ajv-keywords/-/ajv-keywords-3.5.2.tgz. Extracting by manifest.
394 silly tarball no local data for ajv@https://registry.npmjs.org/ajv/-/ajv-6.12.6.tgz. Extracting by manifest.
395 silly tarball no local data for mime-db@https://registry.npmjs.org/mime-db/-/mime-db-1.52.0.tgz. Extracting by manifest.
396 silly tarball no local data for estraverse@https://registry.npmjs.org/estraverse/-/estraverse-4.3.0.tgz. Extracting by manifest.
397 silly tarball no local data for esrecurse@https://registry.npmjs.org/esrecurse/-/esrecurse-4.3.0.tgz. Extracting by manifest.
398 silly tarball no local data for update-browserslist-db@https://registry.npmjs.org/update-browserslist-db/-/update-browserslist-db-1.0.16.tgz. Extracting by manifest.
399 silly tarball no local data for node-releases@https://registry.npmjs.org/node-releases/-/node-releases-2.0.14.tgz. Extracting by manifest.
400 silly tarball no local data for electron-to-chromium@https://registry.npmjs.org/electron-to-chromium/-/electron-to-chromium-1.4.800.tgz. Extracting by manifest.
401 silly tarball no local data for caniuse-lite@https://registry.npmjs.org/caniuse-lite/-/caniuse-lite-1.0.30001632.tgz. Extracting by manifest.
402 silly tarball no local data for @xtuc/ieee754@https://registry.npmjs.org/@xtuc/ieee754/-/ieee754-1.2.0.tgz. Extracting by manifest.
403 silly tarball no local data for @webassemblyjs/utf8@https://registry.npmjs.org/@webassemblyjs/utf8/-/utf8-1.11.6.tgz. Extracting by manifest.
404 silly tarball no local data for @webassemblyjs/leb128@https://registry.npmjs.org/@webassemblyjs/leb128/-/leb128-1.11.6.tgz. Extracting by manifest.
405 silly tarball no local data for @webassemblyjs/ieee754@https://registry.npmjs.org/@webassemblyjs/ieee754/-/ieee754-1.11.6.tgz. Extracting by manifest.
406 silly tarball no local data for @webassemblyjs/wast-printer@https://registry.npmjs.org/@webassemblyjs/wast-printer/-/wast-printer-1.12.1.tgz. Extracting by manifest.
407 silly tarball no local data for @webassemblyjs/wasm-gen@https://registry.npmjs.org/@webassemblyjs/wasm-gen/-/wasm-gen-1.12.1.tgz. Extracting by manifest.
408 silly tarball no local data for @webassemblyjs/wasm-opt@https://registry.npmjs.org/@webassemblyjs/wasm-opt/-/wasm-opt-1.12.1.tgz. Extracting by manifest.
409 silly tarball no local data for @webassemblyjs/helper-wasm-section@https://registry.npmjs.org/@webassemblyjs/helper-wasm-section/-/helper-wasm-section-1.12.1.tgz. Extracting by manifest.
410 silly tarball no local data for @webassemblyjs/helper-api-error@https://registry.npmjs.org/@webassemblyjs/helper-api-error/-/helper-api-error-1.11.6.tgz. Extracting by manifest.
411 silly tarball no local data for @webassemblyjs/helper-wasm-bytecode@https://registry.npmjs.org/@webassemblyjs/helper-wasm-bytecode/-/helper-wasm-bytecode-1.11.6.tgz. Extracting by manifest.
412 silly tarball no local data for @xtuc/long@https://registry.npmjs.org/@xtuc/long/-/long-4.2.2.tgz. Extracting by manifest.
413 silly tarball no local data for @webassemblyjs/helper-numbers@https://registry.npmjs.org/@webassemblyjs/helper-numbers/-/helper-numbers-1.11.6.tgz. Extracting by manifest.
414 silly tarball no local data for @webassemblyjs/floating-point-hex-parser@https://registry.npmjs.org/@webassemblyjs/floating-point-hex-parser/-/floating-point-hex-parser-1.11.6.tgz. Extracting by manifest.
415 silly tarball no local data for @types/json-schema@https://registry.npmjs.org/@types/json-schema/-/json-schema-7.0.15.tgz. Extracting by manifest.
416 silly tarball no local data for @types/eslint@https://registry.npmjs.org/@types/eslint/-/eslint-8.56.10.tgz. Extracting by manifest.
417 silly tarball no local data for webpack-sources@https://registry.npmjs.org/webpack-sources/-/webpack-sources-3.2.3.tgz. Extracting by manifest.
418 silly tarball no local data for watchpack@https://registry.npmjs.org/watchpack/-/watchpack-2.4.1.tgz. Extracting by manifest.
419 silly tarball no local data for terser-webpack-plugin@https://registry.npmjs.org/terser-webpack-plugin/-/terser-webpack-plugin-5.3.10.tgz. Extracting by manifest.
420 silly tarball no local data for tapable@https://registry.npmjs.org/tapable/-/tapable-2.2.1.tgz. Extracting by manifest.
421 silly tarball no local data for schema-utils@https://registry.npmjs.org/schema-utils/-/schema-utils-3.3.0.tgz. Extracting by manifest.
422 silly tarball no local data for neo-async@https://registry.npmjs.org/neo-async/-/neo-async-2.6.2.tgz. Extracting by manifest.
423 silly tarball no local data for loader-runner@https://registry.npmjs.org/loader-runner/-/loader-runner-4.3.0.tgz. Extracting by manifest.
424 silly tarball no local data for mime-types@https://registry.npmjs.org/mime-types/-/mime-types-2.1.35.tgz. Extracting by manifest.
425 silly tarball no local data for json-parse-even-better-errors@https://registry.npmjs.org/json-parse-even-better-errors/-/json-parse-even-better-errors-2.3.1.tgz. Extracting by manifest.
426 silly tarball no local data for graceful-fs@https://registry.npmjs.org/graceful-fs/-/graceful-fs-4.2.11.tgz. Extracting by manifest.
427 silly tarball no local data for glob-to-regexp@https://registry.npmjs.org/glob-to-regexp/-/glob-to-regexp-0.4.1.tgz. Extracting by manifest.
428 silly tarball no local data for events@https://registry.npmjs.org/events/-/events-3.3.0.tgz. Extracting by manifest.
429 silly tarball no local data for eslint-scope@https://registry.npmjs.org/eslint-scope/-/eslint-scope-5.1.1.tgz. Extracting by manifest.
430 silly tarball no local data for enhanced-resolve@https://registry.npmjs.org/enhanced-resolve/-/enhanced-resolve-5.17.0.tgz. Extracting by manifest.
431 silly tarball no local data for es-module-lexer@https://registry.npmjs.org/es-module-lexer/-/es-module-lexer-1.5.3.tgz. Extracting by manifest.
432 silly tarball no local data for chrome-trace-event@https://registry.npmjs.org/chrome-trace-event/-/chrome-trace-event-1.0.4.tgz. Extracting by manifest.
433 silly tarball no local data for @webassemblyjs/helper-buffer@https://registry.npmjs.org/@webassemblyjs/helper-buffer/-/helper-buffer-1.12.1.tgz. Extracting by manifest.
434 silly tarball no local data for browserslist@https://registry.npmjs.org/browserslist/-/browserslist-4.23.1.tgz. Extracting by manifest.
435 silly tarball no local data for acorn-import-attributes@https://registry.npmjs.org/acorn-import-attributes/-/acorn-import-attributes-1.9.5.tgz. Extracting by manifest.
436 silly tarball no local data for acorn@https://registry.npmjs.org/acorn/-/acorn-8.11.3.tgz. Extracting by manifest.
437 silly tarball no local data for @webassemblyjs/wasm-edit@https://registry.npmjs.org/@webassemblyjs/wasm-edit/-/wasm-edit-1.12.1.tgz. Extracting by manifest.
438 silly tarball no local data for @webassemblyjs/wasm-parser@https://registry.npmjs.org/@webassemblyjs/wasm-parser/-/wasm-parser-1.12.1.tgz. Extracting by manifest.
439 silly tarball no local data for @webassemblyjs/ast@https://registry.npmjs.org/@webassemblyjs/ast/-/ast-1.12.1.tgz. Extracting by manifest.
440 silly tarball no local data for @types/estree@https://registry.npmjs.org/@types/estree/-/estree-1.0.5.tgz. Extracting by manifest.
441 silly tarball no local data for @types/eslint-scope@https://registry.npmjs.org/@types/eslint-scope/-/eslint-scope-3.7.7.tgz. Extracting by manifest.
442 silly tarball no local data for webpack@https://registry.npmjs.org/webpack/-/webpack-5.92.0.tgz. Extracting by manifest.
443 silly tarball no local data for estraverse@https://registry.npmjs.org/estraverse/-/estraverse-5.3.0.tgz. Extracting by manifest.
444 timing reifyNode:node_modules/has-flag Completed in 207ms
445 timing reifyNode:node_modules/supports-color Completed in 207ms
446 timing reifyNode:node_modules/escalade Completed in 208ms
447 http fetch GET 200 https://registry.npmjs.org/picocolors/-/picocolors-1.0.1.tgz 253ms (cache miss)
448 timing reifyNode:node_modules/picocolors Completed in 287ms
449 http fetch GET 200 https://registry.npmjs.org/buffer-from/-/buffer-from-1.1.2.tgz 265ms (cache miss)
450 timing reifyNode:node_modules/buffer-from Completed in 299ms
451 http fetch GET 200 https://registry.npmjs.org/punycode/-/punycode-2.3.1.tgz 267ms (cache miss)
452 timing reifyNode:node_modules/punycode Completed in 300ms
453 http fetch GET 200 https://registry.npmjs.org/source-map-support/-/source-map-support-0.5.21.tgz 283ms (cache miss)
454 timing reifyNode:node_modules/source-map-support Completed in 319ms
455 http fetch GET 200 https://registry.npmjs.org/safe-buffer/-/safe-buffer-5.2.1.tgz 297ms (cache miss)
456 timing reifyNode:node_modules/safe-buffer Completed in 334ms
457 http fetch GET 200 https://registry.npmjs.org/commander/-/commander-2.20.3.tgz 296ms (cache miss)
458 timing reifyNode:node_modules/commander Completed in 335ms
459 http fetch GET 200 https://registry.npmjs.org/randombytes/-/randombytes-2.1.0.tgz 300ms (cache miss)
460 timing reifyNode:node_modules/randombytes Completed in 338ms
461 http fetch GET 200 https://registry.npmjs.org/@jridgewell/set-array/-/set-array-1.2.1.tgz 304ms (cache miss)
462 timing reifyNode:node_modules/@jridgewell/set-array Completed in 339ms
463 http fetch GET 200 https://registry.npmjs.org/@jridgewell/gen-mapping/-/gen-mapping-0.3.5.tgz 318ms (cache miss)
464 timing reifyNode:node_modules/@jridgewell/gen-mapping Completed in 355ms
465 http fetch GET 200 https://registry.npmjs.org/@jridgewell/source-map/-/source-map-0.3.6.tgz 318ms (cache miss)
466 timing reifyNode:node_modules/@jridgewell/source-map Completed in 356ms
467 http fetch POST 200 https://registry.npmjs.org/-/npm/v1/security/advisories/bulk 401ms
468 timing auditReport:getReport Completed in 404ms
469 silly audit report {}
470 timing auditReport:init Completed in 0ms
471 timing reify:audit Completed in 404ms
472 http fetch GET 200 https://registry.npmjs.org/serialize-javascript/-/serialize-javascript-6.0.2.tgz 870ms (cache miss)
473 timing reifyNode:node_modules/serialize-javascript Completed in 913ms
474 http fetch GET 200 https://registry.npmjs.org/json-schema-traverse/-/json-schema-traverse-0.4.1.tgz 921ms (cache miss)
475 timing reifyNode:node_modules/json-schema-traverse Completed in 965ms
476 http fetch GET 200 https://registry.npmjs.org/merge-stream/-/merge-stream-2.0.0.tgz 936ms (cache miss)
477 timing reifyNode:node_modules/merge-stream Completed in 977ms
478 http fetch GET 200 https://registry.npmjs.org/estraverse/-/estraverse-4.3.0.tgz 934ms (cache miss)
479 timing reifyNode:node_modules/estraverse Completed in 987ms
480 http fetch GET 200 https://registry.npmjs.org/update-browserslist-db/-/update-browserslist-db-1.0.16.tgz 934ms (cache miss)
481 timing reifyNode:node_modules/update-browserslist-db Completed in 987ms
482 http fetch GET 200 https://registry.npmjs.org/node-releases/-/node-releases-2.0.14.tgz 941ms (cache miss)
483 timing reifyNode:node_modules/node-releases Completed in 995ms
484 http fetch GET 200 https://registry.npmjs.org/fast-json-stable-stringify/-/fast-json-stable-stringify-2.1.0.tgz 956ms (cache miss)
485 timing reifyNode:node_modules/fast-json-stable-stringify Completed in 1001ms
486 http fetch GET 200 https://registry.npmjs.org/ajv-keywords/-/ajv-keywords-3.5.2.tgz 969ms (cache miss)
487 timing reifyNode:node_modules/ajv-keywords Completed in 1015ms
488 http fetch GET 200 https://registry.npmjs.org/jest-worker/-/jest-worker-27.5.1.tgz 981ms (cache miss)
489 timing reifyNode:node_modules/jest-worker Completed in 1025ms
490 http fetch GET 200 https://registry.npmjs.org/undici-types/-/undici-types-5.26.5.tgz 986ms (cache miss)
491 timing reifyNode:node_modules/undici-types Completed in 1026ms
492 http fetch GET 200 https://registry.npmjs.org/@webassemblyjs/utf8/-/utf8-1.11.6.tgz 1216ms (cache miss)
493 timing reifyNode:node_modules/@webassemblyjs/utf8 Completed in 1272ms
494 http fetch GET 200 https://registry.npmjs.org/@webassemblyjs/wasm-gen/-/wasm-gen-1.12.1.tgz 1227ms (cache miss)
495 timing reifyNode:node_modules/@webassemblyjs/wasm-gen Completed in 1328ms
496 http fetch GET 200 https://registry.npmjs.org/@webassemblyjs/helper-wasm-section/-/helper-wasm-section-1.12.1.tgz 1268ms (cache miss)
497 timing reifyNode:node_modules/@webassemblyjs/helper-wasm-section Completed in 1347ms
498 http fetch GET 200 https://registry.npmjs.org/@jridgewell/sourcemap-codec/-/sourcemap-codec-1.4.15.tgz 1340ms (cache miss)
499 timing reifyNode:node_modules/@jridgewell/sourcemap-codec Completed in 1382ms
500 http fetch GET 200 https://registry.npmjs.org/@jridgewell/resolve-uri/-/resolve-uri-3.1.2.tgz 1363ms (cache miss)
501 timing reifyNode:node_modules/@jridgewell/resolve-uri Completed in 1405ms
502 http fetch GET 200 https://registry.npmjs.org/@webassemblyjs/helper-numbers/-/helper-numbers-1.11.6.tgz 1366ms (cache miss)
503 timing reifyNode:node_modules/@webassemblyjs/helper-numbers Completed in 1428ms
504 http fetch GET 200 https://registry.npmjs.org/fast-deep-equal/-/fast-deep-equal-3.1.3.tgz 1396ms (cache miss)
505 timing reifyNode:node_modules/fast-deep-equal Completed in 1442ms
506 http fetch GET 200 https://registry.npmjs.org/esrecurse/-/esrecurse-4.3.0.tgz 1399ms (cache miss)
507 timing reifyNode:node_modules/esrecurse Completed in 1452ms
508 http fetch GET 200 https://registry.npmjs.org/mime-types/-/mime-types-2.1.35.tgz 1392ms (cache miss)
509 timing reifyNode:node_modules/mime-types Completed in 1461ms
510 http fetch GET 200 https://registry.npmjs.org/glob-to-regexp/-/glob-to-regexp-0.4.1.tgz 1388ms (cache miss)
511 timing reifyNode:node_modules/glob-to-regexp Completed in 1461ms
512 http fetch GET 200 https://registry.npmjs.org/@webassemblyjs/leb128/-/leb128-1.11.6.tgz 1419ms (cache miss)
513 timing reifyNode:node_modules/@webassemblyjs/leb128 Completed in 1476ms
514 http fetch GET 200 https://registry.npmjs.org/@webassemblyjs/floating-point-hex-parser/-/floating-point-hex-parser-1.11.6.tgz 1415ms (cache miss)
515 timing reifyNode:node_modules/@webassemblyjs/floating-point-hex-parser Completed in 1478ms
516 http fetch GET 200 https://registry.npmjs.org/@webassemblyjs/wasm-opt/-/wasm-opt-1.12.1.tgz 1419ms (cache miss)
517 timing reifyNode:node_modules/@webassemblyjs/wasm-opt Completed in 1478ms
518 http fetch GET 200 https://registry.npmjs.org/@webassemblyjs/helper-api-error/-/helper-api-error-1.11.6.tgz 1423ms (cache miss)
519 timing reifyNode:node_modules/@webassemblyjs/helper-api-error Completed in 1483ms
520 http fetch GET 200 https://registry.npmjs.org/@webassemblyjs/helper-wasm-bytecode/-/helper-wasm-bytecode-1.11.6.tgz 1422ms (cache miss)
521 timing reifyNode:node_modules/@webassemblyjs/helper-wasm-bytecode Completed in 1483ms
522 http fetch GET 200 https://registry.npmjs.org/loader-runner/-/loader-runner-4.3.0.tgz 1429ms (cache miss)
523 timing reifyNode:node_modules/loader-runner Completed in 1496ms
524 http fetch GET 200 https://registry.npmjs.org/@xtuc/ieee754/-/ieee754-1.2.0.tgz 1442ms (cache miss)
525 timing reifyNode:node_modules/@xtuc/ieee754 Completed in 1497ms
526 http fetch GET 200 https://registry.npmjs.org/@types/json-schema/-/json-schema-7.0.15.tgz 1437ms (cache miss)
527 timing reifyNode:node_modules/@types/json-schema Completed in 1500ms
528 http fetch GET 200 https://registry.npmjs.org/json-parse-even-better-errors/-/json-parse-even-better-errors-2.3.1.tgz 1430ms (cache miss)
529 timing reifyNode:node_modules/json-parse-even-better-errors Completed in 1501ms
530 http fetch GET 200 https://registry.npmjs.org/@webassemblyjs/helper-buffer/-/helper-buffer-1.12.1.tgz 1425ms (cache miss)
531 timing reifyNode:node_modules/@webassemblyjs/helper-buffer Completed in 1502ms
532 http fetch GET 200 https://registry.npmjs.org/chrome-trace-event/-/chrome-trace-event-1.0.4.tgz 1426ms (cache miss)
533 timing reifyNode:node_modules/chrome-trace-event Completed in 1502ms
534 http fetch GET 200 https://registry.npmjs.org/@webassemblyjs/ieee754/-/ieee754-1.11.6.tgz 1447ms (cache miss)
535 timing reifyNode:node_modules/@webassemblyjs/ieee754 Completed in 1504ms
536 http fetch GET 200 https://registry.npmjs.org/@webassemblyjs/wast-printer/-/wast-printer-1.12.1.tgz 1448ms (cache miss)
537 timing reifyNode:node_modules/@webassemblyjs/wast-printer Completed in 1506ms
538 http fetch GET 200 https://registry.npmjs.org/acorn-import-attributes/-/acorn-import-attributes-1.9.5.tgz 1429ms (cache miss)
539 timing reifyNode:node_modules/acorn-import-attributes Completed in 1507ms
540 http fetch GET 200 https://registry.npmjs.org/@webassemblyjs/wasm-edit/-/wasm-edit-1.12.1.tgz 1429ms (cache miss)
541 timing reifyNode:node_modules/@webassemblyjs/wasm-edit Completed in 1507ms
542 http fetch GET 200 https://registry.npmjs.org/@types/eslint-scope/-/eslint-scope-3.7.7.tgz 1426ms (cache miss)
543 timing reifyNode:node_modules/@types/eslint-scope Completed in 1507ms
544 http fetch GET 200 https://registry.npmjs.org/@types/estree/-/estree-1.0.5.tgz 1437ms (cache miss)
545 timing reifyNode:node_modules/@types/estree Completed in 1517ms
546 http fetch GET 200 https://registry.npmjs.org/watchpack/-/watchpack-2.4.1.tgz 1456ms (cache miss)
547 timing reifyNode:node_modules/watchpack Completed in 1520ms
548 http fetch GET 200 https://registry.npmjs.org/graceful-fs/-/graceful-fs-4.2.11.tgz 1448ms (cache miss)
549 timing reifyNode:node_modules/graceful-fs Completed in 1520ms
550 http fetch GET 200 https://registry.npmjs.org/estraverse/-/estraverse-5.3.0.tgz 1438ms (cache miss)
551 timing reifyNode:node_modules/esrecurse/node_modules/estraverse Completed in 1522ms
552 http fetch GET 200 https://registry.npmjs.org/uri-js/-/uri-js-4.4.1.tgz 1479ms (cache miss)
553 timing reifyNode:node_modules/uri-js Completed in 1524ms
554 http fetch GET 200 https://registry.npmjs.org/electron-to-chromium/-/electron-to-chromium-1.4.800.tgz 1474ms (cache miss)
555 timing reifyNode:node_modules/electron-to-chromium Completed in 1528ms
556 http fetch GET 200 https://registry.npmjs.org/mime-db/-/mime-db-1.52.0.tgz 1477ms (cache miss)
557 timing reifyNode:node_modules/mime-db Completed in 1528ms
558 http fetch GET 200 https://registry.npmjs.org/tapable/-/tapable-2.2.1.tgz 1502ms (cache miss)
559 timing reifyNode:node_modules/tapable Completed in 1567ms
560 http fetch GET 200 https://registry.npmjs.org/terser-webpack-plugin/-/terser-webpack-plugin-5.3.10.tgz 1507ms (cache miss)
561 timing reifyNode:node_modules/terser-webpack-plugin Completed in 1572ms
562 http fetch GET 200 https://registry.npmjs.org/eslint-scope/-/eslint-scope-5.1.1.tgz 1508ms (cache miss)
563 timing reifyNode:node_modules/eslint-scope Completed in 1582ms
564 http fetch GET 200 https://registry.npmjs.org/browserslist/-/browserslist-4.23.1.tgz 1507ms (cache miss)
565 timing reifyNode:node_modules/browserslist Completed in 1584ms
566 http fetch GET 200 https://registry.npmjs.org/source-map/-/source-map-0.6.1.tgz 1552ms (cache miss)
567 timing reifyNode:node_modules/source-map Completed in 1591ms
568 http fetch GET 200 https://registry.npmjs.org/@webassemblyjs/wasm-parser/-/wasm-parser-1.12.1.tgz 1511ms (cache miss)
569 timing reifyNode:node_modules/@webassemblyjs/wasm-parser Completed in 1589ms
570 http fetch GET 200 https://registry.npmjs.org/@jridgewell/trace-mapping/-/trace-mapping-0.3.25.tgz 1548ms (cache miss)
571 timing reifyNode:node_modules/@jridgewell/trace-mapping Completed in 1591ms
572 http fetch GET 200 https://registry.npmjs.org/es-module-lexer/-/es-module-lexer-1.5.3.tgz 1518ms (cache miss)
573 timing reifyNode:node_modules/es-module-lexer Completed in 1594ms
574 http fetch GET 200 https://registry.npmjs.org/schema-utils/-/schema-utils-3.3.0.tgz 1534ms (cache miss)
575 timing reifyNode:node_modules/schema-utils Completed in 1600ms
576 http fetch GET 200 https://registry.npmjs.org/webpack-sources/-/webpack-sources-3.2.3.tgz 1540ms (cache miss)
577 timing reifyNode:node_modules/webpack-sources Completed in 1604ms
578 http fetch GET 200 https://registry.npmjs.org/@types/eslint/-/eslint-8.56.10.tgz 1542ms (cache miss)
579 timing reifyNode:node_modules/@types/eslint Completed in 1605ms
580 http fetch GET 200 https://registry.npmjs.org/@xtuc/long/-/long-4.2.2.tgz 1550ms (cache miss)
581 timing reifyNode:node_modules/@xtuc/long Completed in 1611ms
582 http fetch GET 200 https://registry.npmjs.org/events/-/events-3.3.0.tgz 1544ms (cache miss)
583 timing reifyNode:node_modules/events Completed in 1618ms
584 http fetch GET 200 https://registry.npmjs.org/@webassemblyjs/ast/-/ast-1.12.1.tgz 1590ms (cache miss)
585 timing reifyNode:node_modules/@webassemblyjs/ast Completed in 1669ms
586 http fetch GET 200 https://registry.npmjs.org/enhanced-resolve/-/enhanced-resolve-5.17.0.tgz 1602ms (cache miss)
587 timing reifyNode:node_modules/enhanced-resolve Completed in 1678ms
588 http fetch GET 200 https://registry.npmjs.org/ajv/-/ajv-6.12.6.tgz 1637ms (cache miss)
589 timing reifyNode:node_modules/ajv Completed in 1687ms
590 http fetch GET 200 https://registry.npmjs.org/neo-async/-/neo-async-2.6.2.tgz 1663ms (cache miss)
591 timing reifyNode:node_modules/neo-async Completed in 1729ms
592 http fetch GET 200 https://registry.npmjs.org/terser/-/terser-5.31.1.tgz 1691ms (cache miss)
593 timing reifyNode:node_modules/terser Completed in 1734ms
594 http fetch GET 200 https://registry.npmjs.org/acorn/-/acorn-8.11.3.tgz 1665ms (cache miss)
595 timing reifyNode:node_modules/acorn Completed in 1744ms
596 http fetch GET 200 https://registry.npmjs.org/@types/node/-/node-20.14.2.tgz 1903ms (cache miss)
597 timing reifyNode:node_modules/@types/node Completed in 1944ms
598 http fetch GET 200 https://registry.npmjs.org/caniuse-lite/-/caniuse-lite-1.0.30001632.tgz 1923ms (cache miss)
599 timing reifyNode:node_modules/caniuse-lite Completed in 1979ms
600 http fetch GET 200 https://registry.npmjs.org/webpack/-/webpack-5.92.0.tgz 1937ms (cache miss)
601 timing reifyNode:node_modules/webpack Completed in 2018ms
602 timing reify:unpack Completed in 2020ms
603 timing reify:unretire Completed in 0ms
604 timing build:queue Completed in 3ms
605 timing build:link:node_modules/acorn Completed in 3ms
606 timing build:link:node_modules/webpack Completed in 2ms
607 timing build:link:node_modules/terser Completed in 2ms
608 timing build:link:node_modules/browserslist Completed in 2ms
609 timing build:link:node_modules/update-browserslist-db Completed in 2ms
610 timing build:link Completed in 3ms
611 timing build:deps Completed in 6ms
612 timing build Completed in 6ms
613 timing reify:build Completed in 7ms
614 timing reify:trash Completed in 0ms
615 timing reify:save Completed in 22ms
616 timing reify Completed in 9591ms
